[debug] [2023-11-18T18:51:47.640Z] ----------------------------------------------------------------------
[debug] [2023-11-18T18:51:47.644Z] Command:       C:\Program Files\nodejs\node.exe C:\Users\Avinash Kumar\AppData\Roaming\npm\node_modules\firebase-tools\lib\bin\firebase.js init
[debug] [2023-11-18T18:51:47.645Z] CLI Version:   12.9.1
[debug] [2023-11-18T18:51:47.645Z] Platform:      win32
[debug] [2023-11-18T18:51:47.645Z] Node Version:  v18.18.0
[debug] [2023-11-18T18:51:47.646Z] Time:          Sun Nov 19 2023 00:21:47 GMT+0530 (India Standard Time)
[debug] [2023-11-18T18:51:47.647Z] ----------------------------------------------------------------------
[debug] 
[debug] [2023-11-18T18:51:47.655Z] > command requires scopes: ["email","openid","https://www.googleapis.com/auth/cloudplatformprojects.readonly","https://www.googleapis.com/auth/firebase","https://www.googleapis.com/auth/cloud-platform"]
[debug] [2023-11-18T18:51:47.656Z] > authorizing via signed-in user (theavinashkp73@gmail.com)
[info] 
     ######## #### ########  ######## ########     ###     ######  ########
     ##        ##  ##     ## ##       ##     ##  ##   ##  ##       ##
     ######    ##  ########  ######   ########  #########  ######  ######
     ##        ##  ##    ##  ##       ##     ## ##     ##       ## ##
     ##       #### ##     ## ######## ########  ##     ##  ######  ########

You're about to initialize a Firebase project in this directory:

  C:\Users\Avinash Kumar\Desktop\React Personal Portfolio

[info] 
=== Project Setup
[info] 
[info] First, let's associate this project directory with a Firebase project.
[info] You can create multiple project aliases by running firebase use --add, 
[info] but for now we'll just set up a default project.
[info] 
[debug] [2023-11-18T18:52:05.970Z] > refreshing access token with scopes: []
[debug] [2023-11-18T18:52:05.973Z] >>> [apiv2][query] POST https://www.googleapis.com/oauth2/v3/token [none]
[debug] [2023-11-18T18:52:05.973Z] >>> [apiv2][body] POST https://www.googleapis.com/oauth2/v3/token [omitted]
[debug] [2023-11-18T18:52:06.413Z] <<< [apiv2][status] POST https://www.googleapis.com/oauth2/v3/token 400
[debug] [2023-11-18T18:52:06.413Z] <<< [apiv2][body] POST https://www.googleapis.com/oauth2/v3/token [omitted]
[debug] [2023-11-18T18:52:06.414Z] >>> [apiv2][query] GET https://firebase.googleapis.com/v1beta1/projects pageSize=100
[debug] [2023-11-18T18:52:07.120Z] <<< [apiv2][status] GET https://firebase.googleapis.com/v1beta1/projects 401
[debug] [2023-11-18T18:52:07.120Z] <<< [apiv2][body] GET https://firebase.googleapis.com/v1beta1/projects [omitted]
[debug] [2023-11-18T18:52:07.121Z] HTTP Error: 401, Request had invalid authentication credentials. Expected OAuth 2 access token, login cookie or other valid authentication credential. See https://developers.google.com/identity/sign-in/web/devconsole-project.
[debug] [2023-11-18T18:52:07.461Z] FirebaseError: HTTP Error: 401, Request had invalid authentication credentials. Expected OAuth 2 access token, login cookie or other valid authentication credential. See https://developers.google.com/identity/sign-in/web/devconsole-project.
    at responseToError (C:\Users\Avinash Kumar\AppData\Roaming\npm\node_modules\firebase-tools\lib\responseToError.js:49:12)
    at RetryOperation._fn (C:\Users\Avinash Kumar\AppData\Roaming\npm\node_modules\firebase-tools\lib\apiv2.js:285:77)
    at process.processTicksAndRejections (node:internal/process/task_queues:95:5)
[error] 
[error] Error: Failed to list Firebase projects. See firebase-debug.log for more info.
[debug] [2023-11-18T18:52:22.477Z] ----------------------------------------------------------------------
[debug] [2023-11-18T18:52:22.481Z] Command:       C:\Program Files\nodejs\node.exe C:\Users\Avinash Kumar\AppData\Roaming\npm\node_modules\firebase-tools\lib\bin\firebase.js init
[debug] [2023-11-18T18:52:22.482Z] CLI Version:   12.9.1
[debug] [2023-11-18T18:52:22.483Z] Platform:      win32
[debug] [2023-11-18T18:52:22.483Z] Node Version:  v18.18.0
[debug] [2023-11-18T18:52:22.484Z] Time:          Sun Nov 19 2023 00:22:22 GMT+0530 (India Standard Time)
[debug] [2023-11-18T18:52:22.484Z] ----------------------------------------------------------------------
[debug] 
[debug] [2023-11-18T18:52:22.493Z] > command requires scopes: ["email","openid","https://www.googleapis.com/auth/cloudplatformprojects.readonly","https://www.googleapis.com/auth/firebase","https://www.googleapis.com/auth/cloud-platform"]
[debug] [2023-11-18T18:52:22.494Z] > authorizing via signed-in user (theavinashkp73@gmail.com)
[info] 
     ######## #### ########  ######## ########     ###     ######  ########
     ##        ##  ##     ## ##       ##     ##  ##   ##  ##       ##
     ######    ##  ########  ######   ########  #########  ######  ######
     ##        ##  ##    ##  ##       ##     ## ##     ##       ## ##
     ##       #### ##     ## ######## ########  ##     ##  ######  ########

You're about to initialize a Firebase project in this directory:

  C:\Users\Avinash Kumar\Desktop\React Personal Portfolio

[info] 
=== Project Setup
[info] 
[info] First, let's associate this project directory with a Firebase project.
[info] You can create multiple project aliases by running firebase use --add, 
[info] but for now we'll just set up a default project.
[info] 
[debug] [2023-11-18T18:52:31.408Z] > refreshing access token with scopes: []
[debug] [2023-11-18T18:52:31.410Z] >>> [apiv2][query] POST https://www.googleapis.com/oauth2/v3/token [none]
[debug] [2023-11-18T18:52:31.411Z] >>> [apiv2][body] POST https://www.googleapis.com/oauth2/v3/token [omitted]
[debug] [2023-11-18T18:52:31.813Z] <<< [apiv2][status] POST https://www.googleapis.com/oauth2/v3/token 400
[debug] [2023-11-18T18:52:31.814Z] <<< [apiv2][body] POST https://www.googleapis.com/oauth2/v3/token [omitted]
[debug] [2023-11-18T18:52:31.815Z] >>> [apiv2][query] GET https://firebase.googleapis.com/v1beta1/projects pageSize=100
[debug] [2023-11-18T18:52:32.495Z] <<< [apiv2][status] GET https://firebase.googleapis.com/v1beta1/projects 401
[debug] [2023-11-18T18:52:32.495Z] <<< [apiv2][body] GET https://firebase.googleapis.com/v1beta1/projects [omitted]
[debug] [2023-11-18T18:52:32.496Z] HTTP Error: 401, Request had invalid authentication credentials. Expected OAuth 2 access token, login cookie or other valid authentication credential. See https://developers.google.com/identity/sign-in/web/devconsole-project.
[debug] [2023-11-18T18:52:32.794Z] FirebaseError: HTTP Error: 401, Request had invalid authentication credentials. Expected OAuth 2 access token, login cookie or other valid authentication credential. See https://developers.google.com/identity/sign-in/web/devconsole-project.
    at responseToError (C:\Users\Avinash Kumar\AppData\Roaming\npm\node_modules\firebase-tools\lib\responseToError.js:49:12)
    at RetryOperation._fn (C:\Users\Avinash Kumar\AppData\Roaming\npm\node_modules\firebase-tools\lib\apiv2.js:285:77)
    at process.processTicksAndRejections (node:internal/process/task_queues:95:5)
[error] 
[error] Error: Failed to list Firebase projects. See firebase-debug.log for more info.
